app/build/intermediates/manifest_merge_blame_file/debug/processDebugMainManifest/manifest-merger-blame-debug-report.txt
1<?xml version="1.0" encoding="utf-8"?>
2<manifest xmlns:android="http://schemas.android.com/apk/res/android"
3    package="com.example.indoornavigation"
4    android:versionCode="1"
5    android:versionName="1.0" >
6
7    <uses-sdk
8        android:minSdkVersion="26"
9        android:targetSdkVersion="34" />
10
11    <uses-permission android:name="android.permission.CAMERA" />
11-->src\main\AndroidManifest.xml:5:5-65
11-->src\main\AndroidManifest.xml:5:22-62
12    <uses-permission android:name="android.permission.INTERNET" />
12-->src\main\AndroidManifest.xml:6:5-67
12-->src\main\AndroidManifest.xml:6:22-64
13    <uses-permission android:name="android.permission.VIBRATE" />
13-->src\main\AndroidManifest.xml:7:5-66
13-->src\main\AndroidManifest.xml:7:22-63
14    <uses-permission android:name="android.permission.FOREGROUND_SERVICE" />
14-->src\main\AndroidManifest.xml:8:5-77
14-->src\main\AndroidManifest.xml:8:22-74
15    <uses-permission android:name="android.permission.ACCESS_FINE_LOCATION" />
15-->src\main\AndroidManifest.xml:9:5-79
15-->src\main\AndroidManifest.xml:9:22-76
16    <uses-permission android:name="android.permission.ACCESS_COARSE_LOCATION" />
16-->src\main\AndroidManifest.xml:10:5-81
16-->src\main\AndroidManifest.xml:10:22-78
17
18    <uses-feature
18-->src\main\AndroidManifest.xml:13:5-86
19        android:name="android.hardware.camera.ar"
19-->src\main\AndroidManifest.xml:13:19-60
20        android:required="true" />
20-->src\main\AndroidManifest.xml:13:61-84
21    <uses-feature
21-->src\main\AndroidManifest.xml:14:5-78
22        android:glEsVersion="0x00030000"
22-->src\main\AndroidManifest.xml:14:19-51
23        android:required="true" />
23-->src\main\AndroidManifest.xml:14:52-75
24
25    <!-- For remote config -->
26    <uses-permission android:name="android.permission.ACCESS_NETWORK_STATE" />
26-->[com.google.mlkit:object-detection:17.0.1] AndroidManifest.xml:7:5-79
26-->[com.google.mlkit:object-detection:17.0.1] AndroidManifest.xml:7:22-76
27    <uses-permission android:name="android.permission.WAKE_LOCK" /> <!-- Required by older versions of Google Play services to create IID tokens -->
27-->[com.google.firebase:firebase-iid:21.1.0] AndroidManifest.xml:24:5-68
27-->[com.google.firebase:firebase-iid:21.1.0] AndroidManifest.xml:24:22-65
28    <uses-permission android:name="com.google.android.c2dm.permission.RECEIVE" />
28-->[com.google.firebase:firebase-iid:21.1.0] AndroidManifest.xml:26:5-82
28-->[com.google.firebase:firebase-iid:21.1.0] AndroidManifest.xml:26:22-79
29
30    <permission
30-->[androidx.core:core:1.12.0] AndroidManifest.xml:22:5-24:47
31        android:name="com.example.indoornavigation.DYNAMIC_RECEIVER_NOT_EXPORTED_PERMISSION"
31-->[androidx.core:core:1.12.0] AndroidManifest.xml:23:9-81
32        android:protectionLevel="signature" />
32-->[androidx.core:core:1.12.0] AndroidManifest.xml:24:9-44
33
34    <uses-permission android:name="com.example.indoornavigation.DYNAMIC_RECEIVER_NOT_EXPORTED_PERMISSION" />
34-->[androidx.core:core:1.12.0] AndroidManifest.xml:26:5-97
34-->[androidx.core:core:1.12.0] AndroidManifest.xml:26:22-94
35
36    <queries>
36-->[com.google.ar:core:1.40.0] AndroidManifest.xml:20:5-22:15
37        <package android:name="com.google.ar.core" />
37-->[com.google.ar:core:1.40.0] AndroidManifest.xml:21:9-54
37-->[com.google.ar:core:1.40.0] AndroidManifest.xml:21:18-51
38    </queries>
39
40    <uses-permission android:name="android.permission.WRITE_EXTERNAL_STORAGE" />
41    <uses-permission android:name="android.permission.READ_PHONE_STATE" />
42    <uses-permission android:name="android.permission.READ_EXTERNAL_STORAGE" />
43
44    <application
44-->src\main\AndroidManifest.xml:17:5-47:19
45        android:name="com.example.indoornavigation.IndoorNavigationApp"
45-->src\main\AndroidManifest.xml:18:9-44
46        android:allowBackup="true"
46-->src\main\AndroidManifest.xml:19:9-35
47        android:appComponentFactory="androidx.core.app.CoreComponentFactory"
47-->[androidx.core:core:1.12.0] AndroidManifest.xml:28:18-86
48        android:dataExtractionRules="@xml/data_extraction_rules"
48-->src\main\AndroidManifest.xml:20:9-65
49        android:debuggable="true"
50        android:extractNativeLibs="false"
51        android:fullBackupContent="@xml/backup_rules"
51-->src\main\AndroidManifest.xml:21:9-54
52        android:icon="@mipmap/ic_launcher"
52-->src\main\AndroidManifest.xml:22:9-43
53        android:label="@string/app_name"
53-->src\main\AndroidManifest.xml:23:9-41
54        android:roundIcon="@mipmap/ic_launcher_round"
54-->src\main\AndroidManifest.xml:24:9-54
55        android:supportsRtl="true"
55-->src\main\AndroidManifest.xml:25:9-35
56        android:testOnly="true"
57        android:theme="@style/Theme.IndoorNavigation" >
57-->src\main\AndroidManifest.xml:26:9-54
58        <meta-data
58-->src\main\AndroidManifest.xml:29:9-81
59            android:name="com.google.ar.core"
59-->src\main\AndroidManifest.xml:29:20-53
60            android:value="required" />
60-->src\main\AndroidManifest.xml:29:54-78
61
62        <activity
62-->src\main\AndroidManifest.xml:31:9-40:20
63            android:name="com.example.indoornavigation.ui.MainActivity"
63-->src\main\AndroidManifest.xml:32:13-44
64            android:exported="true"
64-->src\main\AndroidManifest.xml:33:13-36
65            android:label="@string/app_name"
65-->src\main\AndroidManifest.xml:34:13-45
66            android:theme="@style/Theme.IndoorNavigation" >
66-->src\main\AndroidManifest.xml:35:13-58
67            <intent-filter>
67-->src\main\AndroidManifest.xml:36:13-39:29
68                <action android:name="android.intent.action.MAIN" />
68-->src\main\AndroidManifest.xml:37:17-69
68-->src\main\AndroidManifest.xml:37:25-66
69
70                <category android:name="android.intent.category.LAUNCHER" />
70-->src\main\AndroidManifest.xml:38:17-77
70-->src\main\AndroidManifest.xml:38:27-74
71            </intent-filter>
72        </activity>
73
74        <service
74-->src\main\AndroidManifest.xml:42:9-45:39
75            android:name="com.example.indoornavigation.service.NavigationService"
75-->src\main\AndroidManifest.xml:43:13-54
76            android:exported="false"
76-->src\main\AndroidManifest.xml:45:13-37
77            android:foregroundServiceType="location" />
77-->src\main\AndroidManifest.xml:44:13-53
78        <service
78-->[androidx.camera:camera-camera2:1.3.1] AndroidManifest.xml:24:9-33:19
79            android:name="androidx.camera.core.impl.MetadataHolderService"
79-->[androidx.camera:camera-camera2:1.3.1] AndroidManifest.xml:25:13-75
80            android:enabled="false"
80-->[androidx.camera:camera-camera2:1.3.1] AndroidManifest.xml:26:13-36
81            android:exported="false" >
81-->[androidx.camera:camera-camera2:1.3.1] AndroidManifest.xml:27:13-37
82            <meta-data
82-->[androidx.camera:camera-camera2:1.3.1] AndroidManifest.xml:30:13-32:89
83                android:name="androidx.camera.core.impl.MetadataHolderService.DEFAULT_CONFIG_PROVIDER"
83-->[androidx.camera:camera-camera2:1.3.1] AndroidManifest.xml:31:17-103
84                android:value="androidx.camera.camera2.Camera2Config$DefaultProvider" />
84-->[androidx.camera:camera-camera2:1.3.1] AndroidManifest.xml:32:17-86
85        </service>
86        <service
86-->[com.google.mlkit:object-detection:17.0.1] AndroidManifest.xml:11:9-17:19
87            android:name="com.google.mlkit.common.internal.MlKitComponentDiscoveryService"
87-->[com.google.mlkit:object-detection:17.0.1] AndroidManifest.xml:12:13-91
88            android:directBootAware="true"
88-->[com.google.mlkit:common:18.10.0] AndroidManifest.xml:17:13-43
89            android:exported="false" >
89-->[com.google.mlkit:object-detection:17.0.1] AndroidManifest.xml:13:13-37
90            <meta-data
90-->[com.google.mlkit:object-detection:17.0.1] AndroidManifest.xml:14:13-16:85
91                android:name="com.google.firebase.components:com.google.mlkit.vision.objects.defaults.internal.DefaultObjectsRegistrar"
91-->[com.google.mlkit:object-detection:17.0.1] AndroidManifest.xml:15:17-136
92                android:value="com.google.firebase.components.ComponentRegistrar" />
92-->[com.google.mlkit:object-detection:17.0.1] AndroidManifest.xml:16:17-82
93            <meta-data
93-->[com.google.mlkit:vision-internal-vkp:18.2.2] AndroidManifest.xml:14:13-16:85
94                android:name="com.google.firebase.components:com.google.mlkit.vision.vkp.VkpRegistrar"
94-->[com.google.mlkit:vision-internal-vkp:18.2.2] AndroidManifest.xml:15:17-103
95                android:value="com.google.firebase.components.ComponentRegistrar" />
95-->[com.google.mlkit:vision-internal-vkp:18.2.2] AndroidManifest.xml:16:17-82
96            <meta-data
96-->[com.google.mlkit:vision-common:17.3.0] AndroidManifest.xml:12:13-14:85
97                android:name="com.google.firebase.components:com.google.mlkit.vision.common.internal.VisionCommonRegistrar"
97-->[com.google.mlkit:vision-common:17.3.0] AndroidManifest.xml:13:17-124
98                android:value="com.google.firebase.components.ComponentRegistrar" />
98-->[com.google.mlkit:vision-common:17.3.0] AndroidManifest.xml:14:17-82
99            <meta-data
99-->[com.google.mlkit:common:18.10.0] AndroidManifest.xml:20:13-22:85
100                android:name="com.google.firebase.components:com.google.mlkit.common.internal.CommonComponentRegistrar"
100-->[com.google.mlkit:common:18.10.0] AndroidManifest.xml:21:17-120
101                android:value="com.google.firebase.components.ComponentRegistrar" />
101-->[com.google.mlkit:common:18.10.0] AndroidManifest.xml:22:17-82
102        </service>
103
104        <provider
104-->[com.google.mlkit:common:18.10.0] AndroidManifest.xml:9:9-13:38
105            android:name="com.google.mlkit.common.internal.MlKitInitProvider"
105-->[com.google.mlkit:common:18.10.0] AndroidManifest.xml:10:13-78
106            android:authorities="com.example.indoornavigation.mlkitinitprovider"
106-->[com.google.mlkit:common:18.10.0] AndroidManifest.xml:11:13-69
107            android:exported="false"
107-->[com.google.mlkit:common:18.10.0] AndroidManifest.xml:12:13-37
108            android:initOrder="99" />
108-->[com.google.mlkit:common:18.10.0] AndroidManifest.xml:13:13-35
109
110        <service
110-->[com.google.firebase:firebase-functions-ktx:20.4.0] AndroidManifest.xml:9:9-15:19
111            android:name="com.google.firebase.components.ComponentDiscoveryService"
111-->[com.google.firebase:firebase-functions-ktx:20.4.0] AndroidManifest.xml:10:13-84
112            android:directBootAware="true"
112-->[com.google.firebase:firebase-common:20.4.2] AndroidManifest.xml:32:13-43
113            android:exported="false" >
113-->[com.google.firebase:firebase-functions-ktx:20.4.0] AndroidManifest.xml:11:13-37
114            <meta-data
114-->[com.google.firebase:firebase-functions-ktx:20.4.0] AndroidManifest.xml:12:13-14:85
115                android:name="com.google.firebase.components:com.google.firebase.functions.ktx.FirebaseFunctionsLegacyRegistrar"
115-->[com.google.firebase:firebase-functions-ktx:20.4.0] AndroidManifest.xml:13:17-129
116                android:value="com.google.firebase.components.ComponentRegistrar" />
116-->[com.google.firebase:firebase-functions-ktx:20.4.0] AndroidManifest.xml:14:17-82
117            <meta-data
117-->[com.google.firebase:firebase-functions:20.4.0] AndroidManifest.xml:15:13-17:85
118                android:name="com.google.firebase.components:com.google.firebase.functions.FirebaseFunctionsKtxRegistrar"
118-->[com.google.firebase:firebase-functions:20.4.0] AndroidManifest.xml:16:17-122
119                android:value="com.google.firebase.components.ComponentRegistrar" />
119-->[com.google.firebase:firebase-functions:20.4.0] AndroidManifest.xml:17:17-82
120            <meta-data
120-->[com.google.firebase:firebase-functions:20.4.0] AndroidManifest.xml:18:13-20:85
121                android:name="com.google.firebase.components:com.google.firebase.functions.FunctionsRegistrar"
121-->[com.google.firebase:firebase-functions:20.4.0] AndroidManifest.xml:19:17-111
122                android:value="com.google.firebase.components.ComponentRegistrar" />
122-->[com.google.firebase:firebase-functions:20.4.0] AndroidManifest.xml:20:17-82
123            <meta-data
123-->[com.google.firebase:firebase-storage-ktx:20.3.0] AndroidManifest.xml:12:13-14:85
124                android:name="com.google.firebase.components:com.google.firebase.storage.ktx.FirebaseStorageLegacyRegistrar"
124-->[com.google.firebase:firebase-storage-ktx:20.3.0] AndroidManifest.xml:13:17-125
125                android:value="com.google.firebase.components.ComponentRegistrar" />
125-->[com.google.firebase:firebase-storage-ktx:20.3.0] AndroidManifest.xml:14:17-82
126            <meta-data
126-->[com.google.firebase:firebase-storage:20.3.0] AndroidManifest.xml:30:13-32:85
127                android:name="com.google.firebase.components:com.google.firebase.storage.FirebaseStorageKtxRegistrar"
127-->[com.google.firebase:firebase-storage:20.3.0] AndroidManifest.xml:31:17-118
128                android:value="com.google.firebase.components.ComponentRegistrar" />
128-->[com.google.firebase:firebase-storage:20.3.0] AndroidManifest.xml:32:17-82
129            <meta-data
129-->[com.google.firebase:firebase-storage:20.3.0] AndroidManifest.xml:33:13-35:85
130                android:name="com.google.firebase.components:com.google.firebase.storage.StorageRegistrar"
130-->[com.google.firebase:firebase-storage:20.3.0] AndroidManifest.xml:34:17-107
131                android:value="com.google.firebase.components.ComponentRegistrar" />
131-->[com.google.firebase:firebase-storage:20.3.0] AndroidManifest.xml:35:17-82
132            <meta-data
132-->[com.google.firebase:firebase-firestore-ktx:24.10.0] AndroidManifest.xml:12:13-14:85
133                android:name="com.google.firebase.components:com.google.firebase.firestore.ktx.FirebaseFirestoreLegacyRegistrar"
133-->[com.google.firebase:firebase-firestore-ktx:24.10.0] AndroidManifest.xml:13:17-129
134                android:value="com.google.firebase.components.ComponentRegistrar" />
134-->[com.google.firebase:firebase-firestore-ktx:24.10.0] AndroidManifest.xml:14:17-82
135            <meta-data
135-->[com.google.firebase:firebase-firestore:24.10.0] AndroidManifest.xml:17:13-19:85
136                android:name="com.google.firebase.components:com.google.firebase.firestore.FirebaseFirestoreKtxRegistrar"
136-->[com.google.firebase:firebase-firestore:24.10.0] AndroidManifest.xml:18:17-122
137                android:value="com.google.firebase.components.ComponentRegistrar" />
137-->[com.google.firebase:firebase-firestore:24.10.0] AndroidManifest.xml:19:17-82
138            <meta-data
138-->[com.google.firebase:firebase-firestore:24.10.0] AndroidManifest.xml:20:13-22:85
139                android:name="com.google.firebase.components:com.google.firebase.firestore.FirestoreRegistrar"
139-->[com.google.firebase:firebase-firestore:24.10.0] AndroidManifest.xml:21:17-111
140                android:value="com.google.firebase.components.ComponentRegistrar" />
140-->[com.google.firebase:firebase-firestore:24.10.0] AndroidManifest.xml:22:17-82
141            <meta-data
141-->[com.google.firebase:firebase-auth-ktx:22.3.0] AndroidManifest.xml:11:13-13:85
142                android:name="com.google.firebase.components:com.google.firebase.auth.ktx.FirebaseAuthLegacyRegistrar"
142-->[com.google.firebase:firebase-auth-ktx:22.3.0] AndroidManifest.xml:12:17-119
143                android:value="com.google.firebase.components.ComponentRegistrar" />
143-->[com.google.firebase:firebase-auth-ktx:22.3.0] AndroidManifest.xml:13:17-82
144            <meta-data
144-->[com.google.firebase:firebase-auth:22.3.0] AndroidManifest.xml:69:13-71:85
145                android:name="com.google.firebase.components:com.google.firebase.auth.FirebaseAuthRegistrar"
145-->[com.google.firebase:firebase-auth:22.3.0] AndroidManifest.xml:70:17-109
146                android:value="com.google.firebase.components.ComponentRegistrar" />
146-->[com.google.firebase:firebase-auth:22.3.0] AndroidManifest.xml:71:17-82
147            <meta-data
147-->[com.google.firebase:firebase-appcheck:17.1.1] AndroidManifest.xml:25:13-27:85
148                android:name="com.google.firebase.components:com.google.firebase.appcheck.FirebaseAppCheckKtxRegistrar"
148-->[com.google.firebase:firebase-appcheck:17.1.1] AndroidManifest.xml:26:17-120
149                android:value="com.google.firebase.components.ComponentRegistrar" />
149-->[com.google.firebase:firebase-appcheck:17.1.1] AndroidManifest.xml:27:17-82
150            <meta-data
150-->[com.google.firebase:firebase-appcheck:17.1.1] AndroidManifest.xml:28:13-30:85
151                android:name="com.google.firebase.components:com.google.firebase.appcheck.FirebaseAppCheckRegistrar"
151-->[com.google.firebase:firebase-appcheck:17.1.1] AndroidManifest.xml:29:17-117
152                android:value="com.google.firebase.components.ComponentRegistrar" />
152-->[com.google.firebase:firebase-appcheck:17.1.1] AndroidManifest.xml:30:17-82
153            <meta-data
153-->[com.google.firebase:firebase-iid:21.1.0] AndroidManifest.xml:32:13-34:85
154                android:name="com.google.firebase.components:com.google.firebase.iid.Registrar"
154-->[com.google.firebase:firebase-iid:21.1.0] AndroidManifest.xml:33:17-96
155                android:value="com.google.firebase.components.ComponentRegistrar" />
155-->[com.google.firebase:firebase-iid:21.1.0] AndroidManifest.xml:34:17-82
156            <meta-data
156-->[com.google.firebase:firebase-installations:17.2.0] AndroidManifest.xml:15:13-17:85
157                android:name="com.google.firebase.components:com.google.firebase.installations.FirebaseInstallationsKtxRegistrar"
157-->[com.google.firebase:firebase-installations:17.2.0] AndroidManifest.xml:16:17-130
158                android:value="com.google.firebase.components.ComponentRegistrar" />
158-->[com.google.firebase:firebase-installations:17.2.0] AndroidManifest.xml:17:17-82
159            <meta-data
159-->[com.google.firebase:firebase-installations:17.2.0] AndroidManifest.xml:18:13-20:85
160                android:name="com.google.firebase.components:com.google.firebase.installations.FirebaseInstallationsRegistrar"
160-->[com.google.firebase:firebase-installations:17.2.0] AndroidManifest.xml:19:17-127
161                android:value="com.google.firebase.components.ComponentRegistrar" />
161-->[com.google.firebase:firebase-installations:17.2.0] AndroidManifest.xml:20:17-82
162            <meta-data
162-->[com.google.firebase:firebase-common-ktx:20.4.2] AndroidManifest.xml:12:13-14:85
163                android:name="com.google.firebase.components:com.google.firebase.ktx.FirebaseCommonLegacyRegistrar"
163-->[com.google.firebase:firebase-common-ktx:20.4.2] AndroidManifest.xml:13:17-116
164                android:value="com.google.firebase.components.ComponentRegistrar" />
164-->[com.google.firebase:firebase-common-ktx:20.4.2] AndroidManifest.xml:14:17-82
165            <meta-data
165-->[com.google.firebase:firebase-common:20.4.2] AndroidManifest.xml:35:13-37:85
166                android:name="com.google.firebase.components:com.google.firebase.FirebaseCommonKtxRegistrar"
166-->[com.google.firebase:firebase-common:20.4.2] AndroidManifest.xml:36:17-109
167                android:value="com.google.firebase.components.ComponentRegistrar" />
167-->[com.google.firebase:firebase-common:20.4.2] AndroidManifest.xml:37:17-82
168        </service>
169
170        <activity
170-->[com.google.firebase:firebase-auth:22.3.0] AndroidManifest.xml:29:9-46:20
171            android:name="com.google.firebase.auth.internal.GenericIdpActivity"
171-->[com.google.firebase:firebase-auth:22.3.0] AndroidManifest.xml:30:13-80
172            android:excludeFromRecents="true"
172-->[com.google.firebase:firebase-auth:22.3.0] AndroidManifest.xml:31:13-46
173            android:exported="true"
173-->[com.google.firebase:firebase-auth:22.3.0] AndroidManifest.xml:32:13-36
174            android:launchMode="singleTask"
174-->[com.google.firebase:firebase-auth:22.3.0] AndroidManifest.xml:33:13-44
175            android:theme="@android:style/Theme.Translucent.NoTitleBar" >
175-->[com.google.firebase:firebase-auth:22.3.0] AndroidManifest.xml:34:13-72
176            <intent-filter>
176-->[com.google.firebase:firebase-auth:22.3.0] AndroidManifest.xml:35:13-45:29
177                <action android:name="android.intent.action.VIEW" />
177-->[com.google.firebase:firebase-auth:22.3.0] AndroidManifest.xml:36:17-69
177-->[com.google.firebase:firebase-auth:22.3.0] AndroidManifest.xml:36:25-66
178
179                <category android:name="android.intent.category.DEFAULT" />
179-->[com.google.firebase:firebase-auth:22.3.0] AndroidManifest.xml:38:17-76
179-->[com.google.firebase:firebase-auth:22.3.0] AndroidManifest.xml:38:27-73
180                <category android:name="android.intent.category.BROWSABLE" />
180-->[com.google.firebase:firebase-auth:22.3.0] AndroidManifest.xml:39:17-78
180-->[com.google.firebase:firebase-auth:22.3.0] AndroidManifest.xml:39:27-75
181
182                <data
182-->[com.google.firebase:firebase-auth:22.3.0] AndroidManifest.xml:41:17-44:51
183                    android:host="firebase.auth"
183-->[com.google.firebase:firebase-auth:22.3.0] AndroidManifest.xml:42:21-49
184                    android:path="/"
184-->[com.google.firebase:firebase-auth:22.3.0] AndroidManifest.xml:43:21-37
185                    android:scheme="genericidp" />
185-->[com.google.firebase:firebase-auth:22.3.0] AndroidManifest.xml:44:21-48
186            </intent-filter>
187        </activity>
188        <activity
188-->[com.google.firebase:firebase-auth:22.3.0] AndroidManifest.xml:47:9-64:20
189            android:name="com.google.firebase.auth.internal.RecaptchaActivity"
189-->[com.google.firebase:firebase-auth:22.3.0] AndroidManifest.xml:48:13-79
190            android:excludeFromRecents="true"
190-->[com.google.firebase:firebase-auth:22.3.0] AndroidManifest.xml:49:13-46
191            android:exported="true"
191-->[com.google.firebase:firebase-auth:22.3.0] AndroidManifest.xml:50:13-36
192            android:launchMode="singleTask"
192-->[com.google.firebase:firebase-auth:22.3.0] AndroidManifest.xml:51:13-44
193            android:theme="@android:style/Theme.Translucent.NoTitleBar" >
193-->[com.google.firebase:firebase-auth:22.3.0] AndroidManifest.xml:52:13-72
194            <intent-filter>
194-->[com.google.firebase:firebase-auth:22.3.0] AndroidManifest.xml:53:13-63:29
195                <action android:name="android.intent.action.VIEW" />
195-->[com.google.firebase:firebase-auth:22.3.0] AndroidManifest.xml:36:17-69
195-->[com.google.firebase:firebase-auth:22.3.0] AndroidManifest.xml:36:25-66
196
197                <category android:name="android.intent.category.DEFAULT" />
197-->[com.google.firebase:firebase-auth:22.3.0] AndroidManifest.xml:38:17-76
197-->[com.google.firebase:firebase-auth:22.3.0] AndroidManifest.xml:38:27-73
198                <category android:name="android.intent.category.BROWSABLE" />
198-->[com.google.firebase:firebase-auth:22.3.0] AndroidManifest.xml:39:17-78
198-->[com.google.firebase:firebase-auth:22.3.0] AndroidManifest.xml:39:27-75
199
200                <data
200-->[com.google.firebase:firebase-auth:22.3.0] AndroidManifest.xml:41:17-44:51
201                    android:host="firebase.auth"
201-->[com.google.firebase:firebase-auth:22.3.0] AndroidManifest.xml:42:21-49
202                    android:path="/"
202-->[com.google.firebase:firebase-auth:22.3.0] AndroidManifest.xml:43:21-37
203                    android:scheme="recaptcha" />
203-->[com.google.firebase:firebase-auth:22.3.0] AndroidManifest.xml:44:21-48
204            </intent-filter>
205        </activity>
206        <activity
206-->[com.google.android.gms:play-services-base:18.1.0] AndroidManifest.xml:20:9-22:45
207            android:name="com.google.android.gms.common.api.GoogleApiActivity"
207-->[com.google.android.gms:play-services-base:18.1.0] AndroidManifest.xml:20:19-85
208            android:exported="false"
208-->[com.google.android.gms:play-services-base:18.1.0] AndroidManifest.xml:22:19-43
209            android:theme="@android:style/Theme.Translucent.NoTitleBar" />
209-->[com.google.android.gms:play-services-base:18.1.0] AndroidManifest.xml:21:19-78
210
211        <provider
211-->[com.google.firebase:firebase-common:20.4.2] AndroidManifest.xml:23:9-28:39
212            android:name="com.google.firebase.provider.FirebaseInitProvider"
212-->[com.google.firebase:firebase-common:20.4.2] AndroidManifest.xml:24:13-77
213            android:authorities="com.example.indoornavigation.firebaseinitprovider"
213-->[com.google.firebase:firebase-common:20.4.2] AndroidManifest.xml:25:13-72
214            android:directBootAware="true"
214-->[com.google.firebase:firebase-common:20.4.2] AndroidManifest.xml:26:13-43
215            android:exported="false"
215-->[com.google.firebase:firebase-common:20.4.2] AndroidManifest.xml:27:13-37
216            android:initOrder="100" />
216-->[com.google.firebase:firebase-common:20.4.2] AndroidManifest.xml:28:13-36
217
218        <activity
218-->[androidx.compose.ui:ui-test-manifest:1.6.0] AndroidManifest.xml:23:9-25:39
219            android:name="androidx.activity.ComponentActivity"
219-->[androidx.compose.ui:ui-test-manifest:1.6.0] AndroidManifest.xml:24:13-63
220            android:exported="true" />
220-->[androidx.compose.ui:ui-test-manifest:1.6.0] AndroidManifest.xml:25:13-36
221        <activity
221-->[androidx.compose.ui:ui-tooling-android:1.6.0] AndroidManifest.xml:23:9-25:39
222            android:name="androidx.compose.ui.tooling.PreviewActivity"
222-->[androidx.compose.ui:ui-tooling-android:1.6.0] AndroidManifest.xml:24:13-71
223            android:exported="true" />
223-->[androidx.compose.ui:ui-tooling-android:1.6.0] AndroidManifest.xml:25:13-36
224
225        <provider
225-->[androidx.emoji2:emoji2:1.3.0] AndroidManifest.xml:24:9-32:20
226            android:name="androidx.startup.InitializationProvider"
226-->[androidx.emoji2:emoji2:1.3.0] AndroidManifest.xml:25:13-67
227            android:authorities="com.example.indoornavigation.androidx-startup"
227-->[androidx.emoji2:emoji2:1.3.0] AndroidManifest.xml:26:13-68
228            android:exported="false" >
228-->[androidx.emoji2:emoji2:1.3.0] AndroidManifest.xml:27:13-37
229            <meta-data
229-->[androidx.emoji2:emoji2:1.3.0] AndroidManifest.xml:29:13-31:52
230                android:name="androidx.emoji2.text.EmojiCompatInitializer"
230-->[androidx.emoji2:emoji2:1.3.0] AndroidManifest.xml:30:17-75
231                android:value="androidx.startup" />
231-->[androidx.emoji2:emoji2:1.3.0] AndroidManifest.xml:31:17-49
232            <meta-data
232-->[androidx.lifecycle:lifecycle-process:2.7.0] AndroidManifest.xml:29:13-31:52
233                android:name="androidx.lifecycle.ProcessLifecycleInitializer"
233-->[androidx.lifecycle:lifecycle-process:2.7.0] AndroidManifest.xml:30:17-78
234                android:value="androidx.startup" />
234-->[androidx.lifecycle:lifecycle-process:2.7.0] AndroidManifest.xml:31:17-49
235            <meta-data
235-->[androidx.profileinstaller:profileinstaller:1.3.0] AndroidManifest.xml:29:13-31:52
236                android:name="androidx.profileinstaller.ProfileInstallerInitializer"
236-->[androidx.profileinstaller:profileinstaller:1.3.0] AndroidManifest.xml:30:17-85
237                android:value="androidx.startup" />
237-->[androidx.profileinstaller:profileinstaller:1.3.0] AndroidManifest.xml:31:17-49
238        </provider>
239
240        <service
240-->[androidx.room:room-runtime:2.6.1] AndroidManifest.xml:24:9-28:63
241            android:name="androidx.room.MultiInstanceInvalidationService"
241-->[androidx.room:room-runtime:2.6.1] AndroidManifest.xml:25:13-74
242            android:directBootAware="true"
242-->[androidx.room:room-runtime:2.6.1] AndroidManifest.xml:26:13-43
243            android:exported="false" />
243-->[androidx.room:room-runtime:2.6.1] AndroidManifest.xml:27:13-37
244
245        <meta-data
245-->[com.google.android.gms:play-services-basement:18.1.0] AndroidManifest.xml:21:9-23:69
246            android:name="com.google.android.gms.version"
246-->[com.google.android.gms:play-services-basement:18.1.0] AndroidManifest.xml:22:13-58
247            android:value="@integer/google_play_services_version" /> <!-- The minimal version code of ARCore APK required for an app using this SDK. -->
247-->[com.google.android.gms:play-services-basement:18.1.0] AndroidManifest.xml:23:13-66
248        <meta-data
248-->[com.google.ar:core:1.40.0] AndroidManifest.xml:27:9-29:41
249            android:name="com.google.ar.core.min_apk_version"
249-->[com.google.ar:core:1.40.0] AndroidManifest.xml:28:13-62
250            android:value="232050000" /> <!-- This activity is critical for installing ARCore when it is not already present. -->
250-->[com.google.ar:core:1.40.0] AndroidManifest.xml:29:13-38
251        <activity
251-->[com.google.ar:core:1.40.0] AndroidManifest.xml:31:9-37:80
252            android:name="com.google.ar.core.InstallActivity"
252-->[com.google.ar:core:1.40.0] AndroidManifest.xml:32:13-62
253            android:configChanges="keyboardHidden|orientation|screenSize"
253-->[com.google.ar:core:1.40.0] AndroidManifest.xml:33:13-74
254            android:excludeFromRecents="true"
254-->[com.google.ar:core:1.40.0] AndroidManifest.xml:34:13-46
255            android:exported="false"
255-->[com.google.ar:core:1.40.0] AndroidManifest.xml:35:13-37
256            android:launchMode="singleTop"
256-->[com.google.ar:core:1.40.0] AndroidManifest.xml:36:13-43
257            android:theme="@android:style/Theme.Material.Light.Dialog.Alert" />
257-->[com.google.ar:core:1.40.0] AndroidManifest.xml:37:13-77
258
259        <service